\BOOKMARK [0][-]{chapter*.1}{Resumen}{}% 1
\BOOKMARK [0][-]{chapter*.5}{\315ndice de Figuras}{}% 2
\BOOKMARK [0][-]{chapter*.6}{\315ndice de Tablas}{}% 3
\BOOKMARK [0][-]{chapter*.7}{\315ndice de Acr\363nimos}{}% 4
\BOOKMARK [0][-]{chapter.1}{Introducci\363n}{}% 5
\BOOKMARK [1][-]{section.1.1}{Antecedentes Hist\363ricos}{chapter.1}% 6
\BOOKMARK [1][-]{section.1.2}{Definici\363n del Problema}{chapter.1}% 7
\BOOKMARK [1][-]{section.1.3}{Estado del Arte}{chapter.1}% 8
\BOOKMARK [1][-]{section.1.4}{Hip\363tesis de Trabajo}{chapter.1}% 9
\BOOKMARK [1][-]{section.1.5}{Objetivos}{chapter.1}% 10
\BOOKMARK [2][-]{subsection.1.5.1}{Objetivo General}{section.1.5}% 11
\BOOKMARK [2][-]{subsection.1.5.2}{Objetivos Espec\355ficos}{section.1.5}% 12
\BOOKMARK [1][-]{section.1.6}{Alcances y Limitaciones}{chapter.1}% 13
\BOOKMARK [1][-]{section.1.7}{Temario y Metodolog\355a}{chapter.1}% 14
\BOOKMARK [0][-]{chapter.2}{Marco Te\363rico}{}% 15
\BOOKMARK [0][-]{chapter.3}{Nombre del Cap\355tulo}{}% 16
\BOOKMARK [1][-]{section.3.1}{Introducci\363n}{chapter.3}% 17
\BOOKMARK [1][-]{section.3.2}{Otros comentarios...}{chapter.3}% 18
\BOOKMARK [0][-]{chapter.4}{Resultados y An\341lisis}{}% 19
\BOOKMARK [1][-]{section.4.1}{Introducci\363n}{chapter.4}% 20
\BOOKMARK [1][-]{section.4.2}{Aplicaci\363n sobre datos simulados}{chapter.4}% 21
\BOOKMARK [1][-]{section.4.3}{Aplicaci\363n sobre datos reales}{chapter.4}% 22
\BOOKMARK [1][-]{section.4.4}{Contrastaci\363n de resultados}{chapter.4}% 23
\BOOKMARK [0][-]{chapter.5}{Conclusiones}{}% 24
\BOOKMARK [1][-]{section.5.1}{Sumario}{chapter.5}% 25
\BOOKMARK [1][-]{section.5.2}{Conclusiones}{chapter.5}% 26
\BOOKMARK [1][-]{section.5.3}{Trabajo Futuro}{chapter.5}% 27
\BOOKMARK [1][-]{section.5.4}{Publicaci\363n}{chapter.5}% 28
